<?xml version="1.0" encoding="UTF-8"?>
<testng-results skipped="0" failed="0" ignored="0" total="2" passed="2">
  <reporter-output>
  </reporter-output>
  <suite name="Default suite" duration-ms="18838" started-at="2019-11-01T12:16:46Z" finished-at="2019-11-01T12:17:05Z">
    <groups>
    </groups>
    <test name="Default test" duration-ms="18838" started-at="2019-11-01T12:16:46Z" finished-at="2019-11-01T12:17:05Z">
      <class name="Demo.Login">
        <test-method status="PASS" signature="configuration()[pri:1, instance:Demo.Login@26be92ad]" name="configuration" duration-ms="11973" started-at="2019-11-01T12:16:46Z" finished-at="2019-11-01T12:16:58Z">
          <reporter-output>
          </reporter-output>
        </test-method> <!-- configuration -->
        <test-method status="PASS" signature="doLogin()[pri:2, instance:Demo.Login@26be92ad]" name="doLogin" duration-ms="6817" started-at="2019-11-01T12:16:58Z" finished-at="2019-11-01T12:17:05Z">
          <reporter-output>
          </reporter-output>
        </test-method> <!-- doLogin -->
      </class> <!-- Demo.Login -->
    </test> <!-- Default test -->
  </suite> <!-- Default suite -->
</testng-results>
